<?xml version="1.0" encoding="UTF-8"?>
<!-- Generated by org.testng.reporters.JUnitReportReporter -->
<testsuite hostname="MSI" failures="0" tests="2" name="Amazon.Frameworkdesign.tests.SubmitOrderTest" time="37.187" errors="0" timestamp="2024-02-11T23:30:30 IST" skipped="0">
  <testcase classname="Amazon.Frameworkdesign.tests.SubmitOrderTest" name="OrderHistoryTest" time="19.890"/>
  <system-out/>
  <testcase classname="Amazon.Frameworkdesign.tests.SubmitOrderTest" name="SubmitOrder" time="17.297"/>
  <system-out/>
</testsuite> <!-- Amazon.Frameworkdesign.tests.SubmitOrderTest -->
