<?xml version="1.0" encoding="UTF-8"?>
<!-- Generated by org.testng.reporters.JUnitReportReporter -->
<testsuite hostname="MSI" failures="0" tests="2" name="Amazon.Frameworkdesign.tests.SubmitOrderTest" time="46.423" errors="0" timestamp="2024-02-14T08:04:13 IST" skipped="0">
  <testcase classname="Amazon.Frameworkdesign.tests.SubmitOrderTest" name="SubmitOrder" time="30.117"/>
  <system-out/>
  <testcase classname="Amazon.Frameworkdesign.tests.SubmitOrderTest" name="OrderHistoryTest" time="16.306"/>
  <system-out/>
</testsuite> <!-- Amazon.Frameworkdesign.tests.SubmitOrderTest -->
